<?xml version="1.0" encoding="UTF-8"?>
<!-- Generated by org.testng.reporters.JUnitXMLReporter -->
<testsuite hostname="DESKTOP-CIG5KTI" ignored="1" name="Default test" tests="1" failures="0" timestamp="24 Jan 2021 02:23:46 GMT" time="2.644" errors="0">
  <testcase name="fetchCustomer" time="2.397" classname="com.sudhir.APIRestTestNG.testcases.TestCreateCustomerAPI"/>
  <testcase name="validateCreateCustomerAPI" time="0.0" classname="com.sudhir.APIRestTestNG.testcases.TestCreateCustomerAPI">
    <ignored/>
  </testcase> <!-- validateCreateCustomerAPI -->
</testsuite> <!-- Default test -->
