<?xml version="1.0" encoding="UTF-8"?>
<!-- Generated by org.testng.reporters.JUnitXMLReporter -->
<testsuite hostname="DESKTOP-CIG5KTI" ignored="0" name="Test" tests="5" failures="1" timestamp="24 Jan 2021 22:10:21 GMT" time="2.826" errors="0">
  <testcase name="m" time="0.009" classname="com.sudhir.APIRestTestNG.testcases.TestCustomerAPI">
    <skipped/>
  </testcase> <!-- m -->
  <testcase name="m" time="0.001" classname="com.sudhir.APIRestTestNG.testcases.TestCustomerAPI">
    <skipped/>
  </testcase> <!-- m -->
  <testcase name="m" time="0.002" classname="com.sudhir.APIRestTestNG.testcases.TestCustomerAPI">
    <skipped/>
  </testcase> <!-- m -->
  <testcase name="m" time="0.001" classname="com.sudhir.APIRestTestNG.testcases.TestCustomerAPI">
    <failure type="java.lang.AssertionError" message="null">
      <![CDATA[java.lang.AssertionError: null
at com.sudhir.APIRestTestNG.testcases.TestCustomerAPI.m(TestCustomerAPI.java:29)
... Removed 27 stack frames]]>
    </failure>
  </testcase> <!-- m -->
  <testcase name="validateCreateCustomerAPIWithValidData" time="2.411" classname="com.sudhir.APIRestTestNG.testcases.TestCustomerAPI"/>
</testsuite> <!-- Test -->
