<?xml version="1.0" encoding="UTF-8"?>
<testng-results skipped="0" failed="0" ignored="1" total="2" passed="1">
  <reporter-output>
  </reporter-output>
  <suite name="Default suite" duration-ms="2644" started-at="2021-01-24T02:23:43Z" finished-at="2021-01-24T02:23:46Z">
    <groups>
    </groups>
    <test name="Default test" duration-ms="2644" started-at="2021-01-24T02:23:43Z" finished-at="2021-01-24T02:23:46Z">
      <class name="com.sudhir.APIRestTestNG.testcases.TestCreateCustomerAPI">
        <test-method status="PASS" signature="beforeSuite()[pri:0, instance:com.sudhir.APIRestTestNG.testcases.TestCreateCustomerAPI@72057ecf]" name="beforeSuite" is-config="true" duration-ms="600" started-at="2021-01-24T02:23:43Z" finished-at="2021-01-24T02:23:43Z">
          <reporter-output>
          </reporter-output>
        </test-method> <!-- beforeSuite -->
        <test-method status="PASS" signature="beforeClass()[pri:0, instance:com.sudhir.APIRestTestNG.testcases.TestCreateCustomerAPI@72057ecf]" name="beforeClass" is-config="true" duration-ms="3" started-at="2021-01-24T02:23:43Z" finished-at="2021-01-24T02:23:43Z">
          <reporter-output>
          </reporter-output>
        </test-method> <!-- beforeClass -->
        <test-method status="PASS" signature="beforeMethod(java.lang.reflect.Method)[pri:0, instance:com.sudhir.APIRestTestNG.testcases.TestCreateCustomerAPI@72057ecf]" name="beforeMethod" is-config="true" duration-ms="5" started-at="2021-01-24T02:23:43Z" finished-at="2021-01-24T02:23:43Z">
          <params>
            <param index="0">
              <value>
                <![CDATA[public void com.sudhir.APIRestTestNG.testcases.TestCreateCustomerAPI.fetchCustomer(java.util.Hashtable)]]>
              </value>
            </param>
          </params>
          <reporter-output>
          </reporter-output>
        </test-method> <!-- beforeMethod -->
        <test-method status="PASS" signature="fetchCustomer(java.util.Hashtable)[pri:0, instance:com.sudhir.APIRestTestNG.testcases.TestCreateCustomerAPI@72057ecf]" name="fetchCustomer" duration-ms="2397" started-at="2021-01-24T02:23:43Z" data-provider="dp" finished-at="2021-01-24T02:23:46Z">
          <params>
            <param index="0">
              <value>
                <![CDATA[{limit=3, requestType=get, endPoint=customers }]]>
              </value>
            </param>
          </params>
          <reporter-output>
          </reporter-output>
        </test-method> <!-- fetchCustomer -->
        <test-method status="PASS" signature="afterMethod(org.testng.ITestResult, java.lang.reflect.Method)[pri:0, instance:com.sudhir.APIRestTestNG.testcases.TestCreateCustomerAPI@72057ecf]" name="afterMethod" is-config="true" duration-ms="218" started-at="2021-01-24T02:23:46Z" finished-at="2021-01-24T02:23:46Z">
          <params>
            <param index="0">
              <value>
                <![CDATA[[TestResult name=fetchCustomer status=SUCCESS method=TestCreateCustomerAPI.fetchCustomer(java.util.Hashtable)[pri:0, instance:com.sudhir.APIRestTestNG.testcases.TestCreateCustomerAPI@72057ecf] output={null}]]]>
              </value>
            </param>
            <param index="1">
              <value>
                <![CDATA[public void com.sudhir.APIRestTestNG.testcases.TestCreateCustomerAPI.fetchCustomer(java.util.Hashtable)]]>
              </value>
            </param>
          </params>
          <reporter-output>
          </reporter-output>
        </test-method> <!-- afterMethod -->
        <test-method status="PASS" signature="afterSuite()[pri:0, instance:com.sudhir.APIRestTestNG.testcases.TestCreateCustomerAPI@72057ecf]" name="afterSuite" is-config="true" duration-ms="1" started-at="2021-01-24T02:23:46Z" finished-at="2021-01-24T02:23:46Z">
          <reporter-output>
          </reporter-output>
        </test-method> <!-- afterSuite -->
      </class> <!-- com.sudhir.APIRestTestNG.testcases.TestCreateCustomerAPI -->
    </test> <!-- Default test -->
  </suite> <!-- Default suite -->
</testng-results>
